2025-10-29 13:28:50 [main] INFO  d.j.r.c.ServicioClientesApplication - Starting ServicioClientesApplication using Java 21.0.7 with PID 11001 (/home/vicente/IdeaProjects/sistema-reservas-viaje/servicio-clientes/target/classes started by vicente in /home/vicente/IdeaProjects/sistema-reservas-viaje/servicio-clientes)
2025-10-29 13:28:50 [main] DEBUG d.j.r.c.ServicioClientesApplication - Running with Spring Boot v3.5.6, Spring v6.2.11
2025-10-29 13:28:50 [main] INFO  d.j.r.c.ServicioClientesApplication - No active profile set, falling back to 1 default profile: "default"
2025-10-29 13:28:50 [main] WARN  i.c.c.s.p.CamundaClientPropertiesPostProcessor - Legacy property 'camunda.client.zeebe.grpc-address' found, setting to 'camunda.client.grpc-address'. Please update your setup to use the latest property
2025-10-29 13:28:50 [main] WARN  i.c.c.s.p.CamundaClientPropertiesPostProcessor - Legacy property 'camunda.client.zeebe.rest-address' found, setting to 'camunda.client.rest-address'. Please update your setup to use the latest property
2025-10-29 13:28:50 [main] INFO  i.c.c.s.p.CamundaClientPropertiesPostProcessor - Implicit 'camunda.client.auth.method'='basic' detected due to '[camunda.client.auth.username, camunda.client.auth.password]' being set.
2025-10-29 13:28:51 [main] INFO  o.s.d.r.c.RepositoryConfigurationDelegate - Bootstrapping Spring Data JPA repositories in DEFAULT mode.
2025-10-29 13:28:51 [main] INFO  o.s.d.r.c.RepositoryConfigurationDelegate - Finished Spring Data repository scanning in 31 ms. Found 1 JPA repository interface.
2025-10-29 13:28:51 [main] INFO  o.s.b.w.e.tomcat.TomcatWebServer - Tomcat initialized with port 9080 (http)
2025-10-29 13:28:51 [main] INFO  o.a.catalina.core.StandardService - Starting service [Tomcat]
2025-10-29 13:28:51 [main] INFO  o.a.catalina.core.StandardEngine - Starting Servlet engine: [Apache Tomcat/10.1.46]
2025-10-29 13:28:51 [main] INFO  o.a.c.c.C.[Tomcat].[localhost].[/] - Initializing Spring embedded WebApplicationContext
2025-10-29 13:28:51 [main] INFO  o.s.b.w.s.c.ServletWebServerApplicationContext - Root WebApplicationContext: initialization completed in 942 ms
2025-10-29 13:28:51 [main] INFO  o.s.o.j.p.SpringPersistenceUnitInfo - No LoadTimeWeaver setup: ignoring JPA class transformer
2025-10-29 13:28:51 [main] INFO  com.zaxxer.hikari.HikariDataSource - ClienteHikariPool - Starting...
2025-10-29 13:28:52 [main] INFO  com.zaxxer.hikari.pool.HikariPool - ClienteHikariPool - Added connection conn0: url=jdbc:h2:mem:cliente_db user=SA
2025-10-29 13:28:52 [main] INFO  com.zaxxer.hikari.HikariDataSource - ClienteHikariPool - Start completed.
2025-10-29 13:28:52 [main] WARN  org.hibernate.orm.deprecation - HHH90000025: H2Dialect does not need to be specified explicitly using 'hibernate.dialect' (remove the property setting and it will be selected by default)
2025-10-29 13:28:52 [main] INFO  o.s.o.j.LocalContainerEntityManagerFactoryBean - Initialized JPA EntityManagerFactory for persistence unit 'default'
2025-10-29 13:28:52 [main] INFO  o.s.d.j.r.query.QueryEnhancerFactory - Hibernate is in classpath; If applicable, HQL parser will be used.
2025-10-29 13:28:53 [main] INFO  i.c.c.m.MicrometerMetricsRecorder - Enabling Micrometer based metrics for camunda-client (available via Actuator)
2025-10-29 13:28:53 [main] INFO  i.c.z.s.c.c.ZeebeClientProdAutoConfiguration - Creating zeebeClient using zeebeClientConfiguration [io.camunda.zeebe.spring.client.configuration.ZeebeClientConfigurationImpl@48e13ec9]
2025-10-29 13:28:53 [main] WARN  i.c.z.client.impl.ZeebeClientImpl - ZeebeClient is deprecated and will be removed in version 8.10. Please migrate to io.camunda.client.CamundaClient.
2025-10-29 13:28:53 [main] INFO  o.s.b.a.h.H2ConsoleAutoConfiguration - H2 console available at '/h2-console'. Database available at 'jdbc:h2:mem:cliente_db'
2025-10-29 13:28:53 [main] INFO  o.s.b.a.e.web.EndpointLinksResolver - Exposing 6 endpoints beneath base path '/actuator'
2025-10-29 13:28:53 [main] INFO  o.s.b.w.e.tomcat.TomcatWebServer - Tomcat started on port 9080 (http) with context path '/'
2025-10-29 13:28:53 [main] INFO  i.c.c.s.a.p.JobWorkerAnnotationProcessor - Configuring 1 Job worker(s) of bean 'activarClienteWorker': [JobWorkerValue{type='activar-cliente', name='', timeout=PT-0.001S, maxJobsActive=-1, requestTimeout=PT-1S, pollInterval=PT-0.001S, autoComplete=true, fetchVariables=[], enabled=true, methodInfo=io.camunda.client.spring.bean.SpringMethodInfo@11db4d00, tenantIds=[], forceFetchAllVariables=false, streamEnabled=true, streamTimeout=PT1H, maxRetries=-1}]
2025-10-29 13:28:53 [main] INFO  i.c.c.s.a.p.JobWorkerAnnotationProcessor - Configuring 1 Job worker(s) of bean 'actualizarEstadoClienteWorker': [JobWorkerValue{type='actualizar-estado-cliente', name='', timeout=PT-0.001S, maxJobsActive=-1, requestTimeout=PT-1S, pollInterval=PT-0.001S, autoComplete=true, fetchVariables=[], enabled=true, methodInfo=io.camunda.client.spring.bean.SpringMethodInfo@48a26095, tenantIds=[], forceFetchAllVariables=false, streamEnabled=true, streamTimeout=PT1H, maxRetries=-1}]
2025-10-29 13:28:53 [main] INFO  i.c.c.s.a.p.JobWorkerAnnotationProcessor - Configuring 2 Job worker(s) of bean 'actualizarInformacionTarjetaWorker': [JobWorkerValue{type='actualizar-informacion-tarjeta', name='', timeout=PT-0.001S, maxJobsActive=-1, requestTimeout=PT-1S, pollInterval=PT-0.001S, autoComplete=true, fetchVariables=[], enabled=true, methodInfo=io.camunda.client.spring.bean.SpringMethodInfo@10117005, tenantIds=[], forceFetchAllVariables=false, streamEnabled=true, streamTimeout=PT1H, maxRetries=-1}, JobWorkerValue{type='actualizar-informacion-tarjeta', name='', timeout=PT-0.001S, maxJobsActive=-1, requestTimeout=PT-1S, pollInterval=PT-0.001S, autoComplete=true, fetchVariables=[], enabled=true, methodInfo=io.camunda.client.spring.bean.SpringMethodInfo@181cf791, tenantIds=[], forceFetchAllVariables=false, streamEnabled=true, streamTimeout=PT1H, maxRetries=-1}]
2025-10-29 13:28:53 [main] INFO  i.c.c.s.a.p.JobWorkerAnnotationProcessor - Configuring 1 Job worker(s) of bean 'actualizarRegistroClienteWorker': [JobWorkerValue{type='actualizar-registro-cliente', name='', timeout=PT-0.001S, maxJobsActive=-1, requestTimeout=PT-1S, pollInterval=PT-0.001S, autoComplete=true, fetchVariables=[], enabled=true, methodInfo=io.camunda.client.spring.bean.SpringMethodInfo@44e98424, tenantIds=[], forceFetchAllVariables=false, streamEnabled=true, streamTimeout=PT1H, maxRetries=-1}]
2025-10-29 13:28:53 [main] INFO  i.c.c.s.a.p.JobWorkerAnnotationProcessor - Configuring 1 Job worker(s) of bean 'confirmarReservaWorker': [JobWorkerValue{type='confirmar-reserva-cliente', name='', timeout=PT-0.001S, maxJobsActive=-1, requestTimeout=PT-1S, pollInterval=PT-0.001S, autoComplete=true, fetchVariables=[], enabled=true, methodInfo=io.camunda.client.spring.bean.SpringMethodInfo@48af8567, tenantIds=[], forceFetchAllVariables=false, streamEnabled=true, streamTimeout=PT1H, maxRetries=-1}]
2025-10-29 13:28:53 [main] INFO  i.c.c.s.a.p.JobWorkerAnnotationProcessor - Configuring 1 Job worker(s) of bean 'crearClienteWorker': [JobWorkerValue{type='crear-cliente', name='', timeout=PT-0.001S, maxJobsActive=-1, requestTimeout=PT-1S, pollInterval=PT-0.001S, autoComplete=true, fetchVariables=[], enabled=true, methodInfo=io.camunda.client.spring.bean.SpringMethodInfo@6980d3b3, tenantIds=[], forceFetchAllVariables=false, streamEnabled=true, streamTimeout=PT1H, maxRetries=-1}]
2025-10-29 13:28:53 [main] INFO  i.c.c.s.a.p.JobWorkerAnnotationProcessor - Configuring 1 Job worker(s) of bean 'finalizarReservaWorker': [JobWorkerValue{type='finalizar-reserva-cliente', name='', timeout=PT-0.001S, maxJobsActive=-1, requestTimeout=PT-1S, pollInterval=PT-0.001S, autoComplete=true, fetchVariables=[], enabled=true, methodInfo=io.camunda.client.spring.bean.SpringMethodInfo@270a73ba, tenantIds=[], forceFetchAllVariables=false, streamEnabled=true, streamTimeout=PT1H, maxRetries=-1}]
2025-10-29 13:28:53 [main] INFO  i.c.c.s.a.p.JobWorkerAnnotationProcessor - Configuring 1 Job worker(s) of bean 'iniciarReservaWorker': [JobWorkerValue{type='iniciar-reserva-cliente', name='', timeout=PT-0.001S, maxJobsActive=-1, requestTimeout=PT-1S, pollInterval=PT-0.001S, autoComplete=true, fetchVariables=[], enabled=true, methodInfo=io.camunda.client.spring.bean.SpringMethodInfo@133a8a9f, tenantIds=[], forceFetchAllVariables=false, streamEnabled=true, streamTimeout=PT1H, maxRetries=-1}]
2025-10-29 13:28:53 [main] INFO  i.c.c.s.a.p.JobWorkerAnnotationProcessor - Configuring 1 Job worker(s) of bean 'notificarReservaFallidaWorker': [JobWorkerValue{type='notificar-reserva-fallida', name='', timeout=PT-0.001S, maxJobsActive=-1, requestTimeout=PT-1S, pollInterval=PT-0.001S, autoComplete=true, fetchVariables=[], enabled=true, methodInfo=io.camunda.client.spring.bean.SpringMethodInfo@27d9ba11, tenantIds=[], forceFetchAllVariables=false, streamEnabled=true, streamTimeout=PT1H, maxRetries=-1}]
2025-10-29 13:28:53 [main] INFO  i.c.c.s.a.p.JobWorkerAnnotationProcessor - Configuring 1 Job worker(s) of bean 'notificarTarjetaInvalidaWorker': [JobWorkerValue{type='notificar-tarjeta-invalida', name='', timeout=PT-0.001S, maxJobsActive=-1, requestTimeout=PT-1S, pollInterval=PT-0.001S, autoComplete=true, fetchVariables=[], enabled=true, methodInfo=io.camunda.client.spring.bean.SpringMethodInfo@6087daa3, tenantIds=[], forceFetchAllVariables=false, streamEnabled=true, streamTimeout=PT1H, maxRetries=-1}]
2025-10-29 13:28:53 [main] INFO  i.c.c.s.a.p.JobWorkerAnnotationProcessor - Configuring 1 Job worker(s) of bean 'obtenerDatosClienteWorker': [JobWorkerValue{type='obtener-datos-cliente', name='', timeout=PT-0.001S, maxJobsActive=-1, requestTimeout=PT-1S, pollInterval=PT-0.001S, autoComplete=true, fetchVariables=[], enabled=true, methodInfo=io.camunda.client.spring.bean.SpringMethodInfo@364b2c46, tenantIds=[], forceFetchAllVariables=false, streamEnabled=true, streamTimeout=PT1H, maxRetries=-1}]
2025-10-29 13:28:53 [main] INFO  i.c.c.s.a.p.JobWorkerAnnotationProcessor - Configuring 1 Job worker(s) of bean 'validarClienteWorker': [JobWorkerValue{type='validar-cliente', name='', timeout=PT-0.001S, maxJobsActive=-1, requestTimeout=PT-1S, pollInterval=PT-0.001S, autoComplete=true, fetchVariables=[], enabled=true, methodInfo=io.camunda.client.spring.bean.SpringMethodInfo@348a2f49, tenantIds=[], forceFetchAllVariables=false, streamEnabled=true, streamTimeout=PT1H, maxRetries=-1}]
2025-10-29 13:28:53 [main] INFO  i.c.c.s.a.p.JobWorkerAnnotationProcessor - Configuring 1 Job worker(s) of bean 'validarDatosEntradaWorker': [JobWorkerValue{type='validar-datos-entrada', name='', timeout=PT-0.001S, maxJobsActive=-1, requestTimeout=PT-1S, pollInterval=PT-0.001S, autoComplete=true, fetchVariables=[], enabled=true, methodInfo=io.camunda.client.spring.bean.SpringMethodInfo@6bea3a13, tenantIds=[], forceFetchAllVariables=false, streamEnabled=true, streamTimeout=PT1H, maxRetries=-1}]
2025-10-29 13:28:53 [main] INFO  i.c.c.s.a.p.JobWorkerAnnotationProcessor - Configuring 1 Job worker(s) of bean 'validarTarjetaCreditoWorker': [JobWorkerValue{type='validar-tarjeta-credito', name='', timeout=PT-0.001S, maxJobsActive=-1, requestTimeout=PT-1S, pollInterval=PT-0.001S, autoComplete=true, fetchVariables=[], enabled=true, methodInfo=io.camunda.client.spring.bean.SpringMethodInfo@350c7188, tenantIds=[], forceFetchAllVariables=false, streamEnabled=true, streamTimeout=PT1H, maxRetries=-1}]
2025-10-29 13:28:53 [main] INFO  i.c.c.jobhandling.JobWorkerManager - . Starting job worker: JobWorkerValue{type='activar-cliente', name='activarClienteWorker#manejarActivarCliente', timeout=PT5M, maxJobsActive=32, requestTimeout=PT-1S, pollInterval=PT0.1S, autoComplete=true, fetchVariables=[], enabled=true, methodInfo=io.camunda.client.spring.bean.SpringMethodInfo@11db4d00, tenantIds=[<default>], forceFetchAllVariables=false, streamEnabled=false, streamTimeout=PT1H, maxRetries=-1}
2025-10-29 13:28:53 [main] INFO  i.c.c.jobhandling.JobWorkerManager - . Starting job worker: JobWorkerValue{type='actualizar-estado-cliente', name='actualizarEstadoClienteWorker#actualizarEstado', timeout=PT5M, maxJobsActive=32, requestTimeout=PT-1S, pollInterval=PT0.1S, autoComplete=true, fetchVariables=[], enabled=true, methodInfo=io.camunda.client.spring.bean.SpringMethodInfo@48a26095, tenantIds=[<default>], forceFetchAllVariables=false, streamEnabled=false, streamTimeout=PT1H, maxRetries=-1}
2025-10-29 13:28:53 [main] WARN  i.c.c.spring.bean.SpringMethodInfo - Parameter names of method actualizarInformacionTarjeta could not be discovered. Please set compiler flag -parameters if you rely on parameter names (e.g. for variable names to fetch from Zeebe)
2025-10-29 13:28:53 [main] WARN  i.c.c.spring.bean.SpringMethodInfo - Parameter names of method actualizarInformacionTarjeta could not be discovered. Please set compiler flag -parameters if you rely on parameter names (e.g. for variable names to fetch from Zeebe)
2025-10-29 13:28:53 [main] WARN  i.c.c.spring.bean.SpringMethodInfo - Parameter names of method actualizarInformacionTarjeta could not be discovered. Please set compiler flag -parameters if you rely on parameter names (e.g. for variable names to fetch from Zeebe)
2025-10-29 13:28:53 [main] WARN  i.c.c.spring.bean.SpringMethodInfo - Parameter names of method actualizarInformacionTarjeta could not be discovered. Please set compiler flag -parameters if you rely on parameter names (e.g. for variable names to fetch from Zeebe)
2025-10-29 13:28:53 [main] WARN  i.c.c.spring.bean.SpringMethodInfo - Parameter names of method actualizarInformacionTarjeta could not be discovered. Please set compiler flag -parameters if you rely on parameter names (e.g. for variable names to fetch from Zeebe)
2025-10-29 13:28:53 [main] WARN  i.c.c.spring.bean.SpringMethodInfo - Parameter names of method actualizarInformacionTarjeta could not be discovered. Please set compiler flag -parameters if you rely on parameter names (e.g. for variable names to fetch from Zeebe)
2025-10-29 13:28:53 [main] INFO  i.c.c.jobhandling.JobWorkerManager - . Starting job worker: JobWorkerValue{type='actualizar-informacion-tarjeta', name='actualizarInformacionTarjetaWorker#actualizarInformacionTarjeta', timeout=PT5M, maxJobsActive=32, requestTimeout=PT-1S, pollInterval=PT0.1S, autoComplete=true, fetchVariables=[], enabled=true, methodInfo=io.camunda.client.spring.bean.SpringMethodInfo@10117005, tenantIds=[<default>], forceFetchAllVariables=false, streamEnabled=false, streamTimeout=PT1H, maxRetries=-1}
2025-10-29 13:28:53 [main] INFO  i.c.c.jobhandling.JobWorkerManager - . Starting job worker: JobWorkerValue{type='actualizar-informacion-tarjeta', name='actualizarInformacionTarjetaWorker#actualizarInformacionTarjeta', timeout=PT5M, maxJobsActive=32, requestTimeout=PT-1S, pollInterval=PT0.1S, autoComplete=true, fetchVariables=[], enabled=true, methodInfo=io.camunda.client.spring.bean.SpringMethodInfo@181cf791, tenantIds=[<default>], forceFetchAllVariables=false, streamEnabled=false, streamTimeout=PT1H, maxRetries=-1}
2025-10-29 13:28:53 [main] INFO  i.c.c.jobhandling.JobWorkerManager - . Starting job worker: JobWorkerValue{type='actualizar-registro-cliente', name='actualizarRegistroClienteWorker#manejarActualizarRegistroCliente', timeout=PT5M, maxJobsActive=32, requestTimeout=PT-1S, pollInterval=PT0.1S, autoComplete=true, fetchVariables=[], enabled=true, methodInfo=io.camunda.client.spring.bean.SpringMethodInfo@44e98424, tenantIds=[<default>], forceFetchAllVariables=false, streamEnabled=false, streamTimeout=PT1H, maxRetries=-1}
2025-10-29 13:28:53 [main] INFO  i.c.c.jobhandling.JobWorkerManager - . Starting job worker: JobWorkerValue{type='confirmar-reserva-cliente', name='confirmarReservaWorker#manejarConfirmarReserva', timeout=PT5M, maxJobsActive=32, requestTimeout=PT-1S, pollInterval=PT0.1S, autoComplete=true, fetchVariables=[], enabled=true, methodInfo=io.camunda.client.spring.bean.SpringMethodInfo@48af8567, tenantIds=[<default>], forceFetchAllVariables=false, streamEnabled=false, streamTimeout=PT1H, maxRetries=-1}
2025-10-29 13:28:53 [main] INFO  i.c.c.jobhandling.JobWorkerManager - . Starting job worker: JobWorkerValue{type='crear-cliente', name='crearClienteWorker#manejarCrearCliente', timeout=PT5M, maxJobsActive=32, requestTimeout=PT-1S, pollInterval=PT0.1S, autoComplete=true, fetchVariables=[], enabled=true, methodInfo=io.camunda.client.spring.bean.SpringMethodInfo@6980d3b3, tenantIds=[<default>], forceFetchAllVariables=false, streamEnabled=false, streamTimeout=PT1H, maxRetries=-1}
2025-10-29 13:28:53 [main] INFO  i.c.c.jobhandling.JobWorkerManager - . Starting job worker: JobWorkerValue{type='finalizar-reserva-cliente', name='finalizarReservaWorker#manejarFinalizarReserva', timeout=PT5M, maxJobsActive=32, requestTimeout=PT-1S, pollInterval=PT0.1S, autoComplete=true, fetchVariables=[], enabled=true, methodInfo=io.camunda.client.spring.bean.SpringMethodInfo@270a73ba, tenantIds=[<default>], forceFetchAllVariables=false, streamEnabled=false, streamTimeout=PT1H, maxRetries=-1}
2025-10-29 13:28:53 [main] INFO  i.c.c.jobhandling.JobWorkerManager - . Starting job worker: JobWorkerValue{type='iniciar-reserva-cliente', name='iniciarReservaWorker#manejarIniciarReserva', timeout=PT5M, maxJobsActive=32, requestTimeout=PT-1S, pollInterval=PT0.1S, autoComplete=true, fetchVariables=[], enabled=true, methodInfo=io.camunda.client.spring.bean.SpringMethodInfo@133a8a9f, tenantIds=[<default>], forceFetchAllVariables=false, streamEnabled=false, streamTimeout=PT1H, maxRetries=-1}
2025-10-29 13:28:53 [main] INFO  i.c.c.jobhandling.JobWorkerManager - . Starting job worker: JobWorkerValue{type='notificar-reserva-fallida', name='notificarReservaFallidaWorker#notificarReservaFallida', timeout=PT5M, maxJobsActive=32, requestTimeout=PT-1S, pollInterval=PT0.1S, autoComplete=true, fetchVariables=[], enabled=true, methodInfo=io.camunda.client.spring.bean.SpringMethodInfo@27d9ba11, tenantIds=[<default>], forceFetchAllVariables=false, streamEnabled=false, streamTimeout=PT1H, maxRetries=-1}
2025-10-29 13:28:53 [main] INFO  i.c.c.jobhandling.JobWorkerManager - . Starting job worker: JobWorkerValue{type='notificar-tarjeta-invalida', name='notificarTarjetaInvalidaWorker#notificarTarjetaInvalida', timeout=PT5M, maxJobsActive=32, requestTimeout=PT-1S, pollInterval=PT0.1S, autoComplete=true, fetchVariables=[], enabled=true, methodInfo=io.camunda.client.spring.bean.SpringMethodInfo@6087daa3, tenantIds=[<default>], forceFetchAllVariables=false, streamEnabled=false, streamTimeout=PT1H, maxRetries=-1}
2025-10-29 13:28:53 [main] INFO  i.c.c.jobhandling.JobWorkerManager - . Starting job worker: JobWorkerValue{type='obtener-datos-cliente', name='obtenerDatosClienteWorker#manejarObtenerDatosCliente', timeout=PT5M, maxJobsActive=32, requestTimeout=PT-1S, pollInterval=PT0.1S, autoComplete=true, fetchVariables=[], enabled=true, methodInfo=io.camunda.client.spring.bean.SpringMethodInfo@364b2c46, tenantIds=[<default>], forceFetchAllVariables=false, streamEnabled=false, streamTimeout=PT1H, maxRetries=-1}
2025-10-29 13:28:53 [main] INFO  i.c.c.jobhandling.JobWorkerManager - . Starting job worker: JobWorkerValue{type='validar-cliente', name='validarClienteWorker#manejarValidarCliente', timeout=PT5M, maxJobsActive=32, requestTimeout=PT-1S, pollInterval=PT0.1S, autoComplete=true, fetchVariables=[], enabled=true, methodInfo=io.camunda.client.spring.bean.SpringMethodInfo@348a2f49, tenantIds=[<default>], forceFetchAllVariables=false, streamEnabled=false, streamTimeout=PT1H, maxRetries=-1}
2025-10-29 13:28:53 [main] INFO  i.c.c.jobhandling.JobWorkerManager - . Starting job worker: JobWorkerValue{type='validar-datos-entrada', name='validarDatosEntradaWorker#validarDatosEntrada', timeout=PT5M, maxJobsActive=32, requestTimeout=PT-1S, pollInterval=PT0.1S, autoComplete=true, fetchVariables=[], enabled=true, methodInfo=io.camunda.client.spring.bean.SpringMethodInfo@6bea3a13, tenantIds=[<default>], forceFetchAllVariables=false, streamEnabled=false, streamTimeout=PT1H, maxRetries=-1}
2025-10-29 13:28:53 [main] INFO  i.c.c.jobhandling.JobWorkerManager - . Starting job worker: JobWorkerValue{type='validar-tarjeta-credito', name='validarTarjetaCreditoWorker#manejarValidarTarjetaCredito', timeout=PT5M, maxJobsActive=32, requestTimeout=PT-1S, pollInterval=PT0.1S, autoComplete=true, fetchVariables=[], enabled=true, methodInfo=io.camunda.client.spring.bean.SpringMethodInfo@350c7188, tenantIds=[<default>], forceFetchAllVariables=false, streamEnabled=false, streamTimeout=PT1H, maxRetries=-1}
2025-10-29 13:28:54 [main] INFO  d.j.r.c.ServicioClientesApplication - Started ServicioClientesApplication in 3.636 seconds (process running for 3.836)
2025-10-29 13:28:54 [main] INFO  d.j.r.c.ServicioClientesApplication - 
2025-10-29 13:28:54 [main] INFO  d.j.r.c.ServicioClientesApplication - ============================================
2025-10-29 13:28:54 [main] INFO  d.j.r.c.ServicioClientesApplication - 👤 Servicio de Clientes INICIADO
2025-10-29 13:28:54 [main] INFO  d.j.r.c.ServicioClientesApplication - ============================================
2025-10-29 13:28:54 [main] INFO  d.j.r.c.ServicioClientesApplication - 📊 Puerto: 9080
2025-10-29 13:28:54 [main] INFO  d.j.r.c.ServicioClientesApplication - 📖 Swagger UI: http://localhost:9080/swagger-ui.html
2025-10-29 13:28:54 [main] INFO  d.j.r.c.ServicioClientesApplication - 🔍 H2 Console: http://localhost:9080/h2-console
2025-10-29 13:28:54 [main] INFO  d.j.r.c.ServicioClientesApplication - 💚 Health: http://localhost:9080/actuator/health
2025-10-29 13:28:54 [main] INFO  d.j.r.c.ServicioClientesApplication - ============================================
2025-10-29 13:28:54 [main] INFO  d.j.r.c.ServicioClientesApplication - 
2025-10-29 13:29:14 [pool-2-thread-1] INFO  d.j.r.c.i.a.e.c.ValidarDatosEntradaWorker - ✅ Iniciando validación de datos de entrada - Job: 2251799813779338
2025-10-29 13:29:14 [pool-2-thread-1] DEBUG d.j.r.c.i.a.e.c.ValidarDatosEntradaWorker - 🔍 Variables recibidas: [reservaId, workerId, variables, taskId]
2025-10-29 13:29:14 [pool-2-thread-1] ERROR d.j.r.c.i.a.e.c.ValidarDatosEntradaWorker - ❌ Datos de entrada inválidos - 7 errores encontrados
2025-10-29 13:29:14 [pool-2-thread-1] ERROR d.j.r.c.i.a.e.c.ValidarDatosEntradaWorker - ❌ El campo 'clienteId' es obligatorio
2025-10-29 13:29:14 [pool-2-thread-1] ERROR d.j.r.c.i.a.e.c.ValidarDatosEntradaWorker - ❌ El campo 'fechaInicio' es obligatorio
2025-10-29 13:29:14 [pool-2-thread-1] ERROR d.j.r.c.i.a.e.c.ValidarDatosEntradaWorker - ❌ El campo 'fechaFin' es obligatorio
2025-10-29 13:29:14 [pool-2-thread-1] ERROR d.j.r.c.i.a.e.c.ValidarDatosEntradaWorker - ❌ El campo 'destino' es obligatorio
2025-10-29 13:29:14 [pool-2-thread-1] ERROR d.j.r.c.i.a.e.c.ValidarDatosEntradaWorker - ❌ El campo 'numeroPasajeros' es obligatorio
2025-10-29 13:29:14 [pool-2-thread-1] ERROR d.j.r.c.i.a.e.c.ValidarDatosEntradaWorker - ❌ El campo 'emailContacto' es obligatorio
2025-10-29 13:29:14 [pool-2-thread-1] ERROR d.j.r.c.i.a.e.c.ValidarDatosEntradaWorker - ❌ El campo 'telefonoContacto' es obligatorio
2025-10-29 13:29:24 [pool-2-thread-1] INFO  d.j.r.c.i.a.e.c.ValidarDatosEntradaWorker - ✅ Iniciando validación de datos de entrada - Job: 2251799813802322
2025-10-29 13:29:24 [pool-2-thread-1] DEBUG d.j.r.c.i.a.e.c.ValidarDatosEntradaWorker - 🔍 Variables recibidas: [reservaId, numeroPasajeros, clienteId, fechaInicio, emailContacto, destino, telefonoContacto, fechaFin]
2025-10-29 13:29:24 [pool-2-thread-1] INFO  d.j.r.c.i.a.e.c.ValidarDatosEntradaWorker - ✅ Datos de entrada válidos - Cliente: 123e4567-e89b-12d3-a456-426655440000
2025-10-29 13:29:45 [pool-2-thread-1] INFO  d.j.r.c.i.a.e.c.ObtenerDatosClienteWorker - 🚀 Iniciando worker obtener-datos-cliente - Job Key: 2251799813802407
2025-10-29 13:29:45 [pool-2-thread-1] DEBUG d.j.r.c.i.a.e.c.ObtenerDatosClienteWorker - 🔍 Variables recibidas: {reservaId=e2c54728-b4c2-11f0-ac6e-9676306ea2fe, numeroPasajeros=2, clienteId=123e4567-e89b-12d3-a456-426655440000, fechaInicio=2025-12-10, erroresValidacion=[], emailContacto=cliente@example.com, destino=Roma, advertencias=[], telefonoContacto=+34600123456, fechaFin=2025-12-20, datosValidos=true}
2025-10-29 13:29:45 [pool-2-thread-1] DEBUG d.j.r.c.i.a.e.c.ObtenerDatosClienteWorker - ✅ ClienteId validado: 123e4567-e89b-12d3-a456-426655440000
2025-10-29 13:29:45 [pool-2-thread-1] INFO  d.j.r.c.i.a.e.c.ObtenerDatosClienteWorker - 🔍 Obteniendo datos del cliente: 123e4567-e89b-12d3-a456-426655440000
2025-10-29 13:29:45 [pool-2-thread-1] DEBUG d.j.r.c.a.servicio.ClienteServicio - 🔍 Buscando cliente por ID: 123e4567-e89b-12d3-a456-426655440000
2025-10-29 13:29:45 [pool-2-thread-1] DEBUG d.j.r.c.i.a.s.p.a.ClienteRepositorioAdaptador - 🔍 Buscando cliente por ID: 123e4567-e89b-12d3-a456-426655440000
2025-10-29 13:29:45 [pool-2-thread-1] WARN  d.j.r.c.i.a.e.c.ObtenerDatosClienteWorker - ⚠️ Cliente no encontrado en el sistema: 123e4567-e89b-12d3-a456-426655440000
2025-10-29 13:29:45 [pool-2-thread-1] INFO  d.j.r.c.i.a.e.c.ObtenerDatosClienteWorker - 📤 Respuesta preparada: clienteObtenido=false
